<?xml version="1.0" encoding="UTF-8"?>
<!-- Generated by org.testng.reporters.JUnitReportReporter -->
<testsuite hostname="Praful" failures="0" tests="4" name="Tutorial9.EndToEndTC" time="18.007" errors="0" timestamp="2024-07-16T20:40:29 IST" skipped="0">
  <testcase classname="Tutorial9.EndToEndTC" name="setUp" time="8.438"/>
  <system-out/>
  <testcase classname="Tutorial9.EndToEndTC" name="validateLoginFunctionality" time="9.513"/>
  <system-out/>
  <testcase classname="Tutorial9.EndToEndTC" name="validateHomePageTitle" time="0.039"/>
  <system-out/>
  <testcase classname="Tutorial9.EndToEndTC" name="validateHomePageurl" time="0.017"/>
  <system-out/>
</testsuite> <!-- Tutorial9.EndToEndTC -->
