<?xml version="1.0" encoding="UTF-8"?>
<!-- Generated by org.testng.reporters.JUnitReportReporter -->
<testsuite hostname="Praful" failures="0" tests="3" name="Tutorial9.EndToEndTC" time="18.407" errors="0" timestamp="2024-07-16T20:36:22 IST" skipped="0">
  <testcase classname="Tutorial9.EndToEndTC" name="setUp" time="9.906"/>
  <system-out/>
  <testcase classname="Tutorial9.EndToEndTC" name="validateLoginFunctionality" time="8.367"/>
  <system-out/>
  <testcase classname="Tutorial9.EndToEndTC" name="validateHomePageTitle" time="0.134"/>
  <system-out/>
</testsuite> <!-- Tutorial9.EndToEndTC -->
