<?xml version="1.0" encoding="UTF-8"?>
<!-- Generated by org.testng.reporters.JUnitReportReporter -->
<testsuite hostname="Praful" failures="0" tests="2" name="Tutorial9.EndToEndTC" time="22.479" errors="0" timestamp="2024-07-16T20:28:15 IST" skipped="0">
  <testcase classname="Tutorial9.EndToEndTC" name="setUp" time="2.727"/>
  <system-out/>
  <testcase classname="Tutorial9.EndToEndTC" name="validateLoginFunctionality" time="19.752"/>
  <system-out/>
</testsuite> <!-- Tutorial9.EndToEndTC -->
