<?xml version="1.0" encoding="UTF-8"?>
<!-- Generated by org.testng.reporters.JUnitReportReporter -->
<testsuite hostname="Praful" failures="0" tests="5" name="Tutorial9.EndToEndTC" time="16.795" errors="0" timestamp="2024-07-16T20:44:35 IST" skipped="0">
  <testcase classname="Tutorial9.EndToEndTC" name="setUp" time="6.674"/>
  <system-out/>
  <testcase classname="Tutorial9.EndToEndTC" name="validateLoginFunctionality" time="9.331"/>
  <system-out/>
  <testcase classname="Tutorial9.EndToEndTC" name="validateHomePageTitle" time="0.021"/>
  <system-out/>
  <testcase classname="Tutorial9.EndToEndTC" name="validateHomePageurl" time="0.014"/>
  <system-out/>
  <testcase classname="Tutorial9.EndToEndTC" name="validatePIMPageurl" time="0.755"/>
  <system-out/>
</testsuite> <!-- Tutorial9.EndToEndTC -->
